2025-10-22T15:01:47.973+02:00  INFO 6200 --- [lektion5] [main] c.example.lektion5.Lektion5Application   : Starting Lektion5Application using Java 21.0.8 with PID 6200 (C:\Users\linus\Documents\GitHub\JavaEnterpriseEclipse\lektion5\build\classes\java\main started by linus in C:\Users\linus\Documents\GitHub\JavaEnterpriseEclipse\lektion5)
2025-10-22T15:01:47.975+02:00  INFO 6200 --- [lektion5] [main] c.example.lektion5.Lektion5Application   : No active profile set, falling back to 1 default profile: "default"
2025-10-22T15:01:48.650+02:00  INFO 6200 --- [lektion5] [main] .s.d.r.c.RepositoryConfigurationDelegate : Bootstrapping Spring Data R2DBC repositories in DEFAULT mode.
2025-10-22T15:01:48.822+02:00  INFO 6200 --- [lektion5] [main] .s.d.r.c.RepositoryConfigurationDelegate : Finished Spring Data repository scanning in 158 ms. Found 1 R2DBC repository interface.
2025-10-22T15:01:50.368+02:00  INFO 6200 --- [lektion5] [main] org.flywaydb.core.FlywayExecutor         : Database: jdbc:postgresql://localhost:5432/postgres (PostgreSQL 18.0)
2025-10-22T15:01:50.385+02:00  WARN 6200 --- [lektion5] [main] o.f.c.internal.database.base.Database    : Flyway upgrade recommended: PostgreSQL 18.0 is newer than this version of Flyway and support has not been tested. The latest supported version of PostgreSQL is 17.
2025-10-22T15:01:50.463+02:00  INFO 6200 --- [lektion5] [main] o.f.core.internal.command.DbValidate     : Successfully validated 3 migrations (execution time 00:00.056s)
2025-10-22T15:01:50.551+02:00  INFO 6200 --- [lektion5] [main] o.f.core.internal.command.DbMigrate      : Current version of schema "public": 3
2025-10-22T15:01:50.555+02:00  INFO 6200 --- [lektion5] [main] o.f.core.internal.command.DbMigrate      : Schema "public" is up to date. No migration necessary.
2025-10-22T15:01:50.837+02:00  INFO 6200 --- [lektion5] [main] o.s.b.web.embedded.netty.NettyWebServer  : Netty started on port 8080 (http)
2025-10-22T15:01:50.837+02:00  INFO 6200 --- [lektion5] [main] c.example.lektion5.Lektion5Application   : Started Lektion5Application in 3.442 seconds (process running for 4.571)
2025-10-22T15:02:15.446+02:00  INFO 6200 --- [lektion5] [reactor-http-nio-3] c.e.lektion5.message.MessageService      : Creating message with content: hello and 
2025-10-22T15:02:15.934+02:00  INFO 6200 --- [lektion5] [reactor-tcp-nio-1] c.e.lektion5.message.MessageService      : Message created with id: 3, content = hello, createdAt = 2025-10-22T15:02:15.448914500, pinned = true
2025-10-22T15:02:39.712+02:00  INFO 6200 --- [lektion5] [SpringApplicationShutdownHook] o.s.b.w.embedded.netty.GracefulShutdown  : Commencing graceful shutdown. Waiting for active requests to complete
2025-10-22T15:02:39.715+02:00  INFO 6200 --- [lektion5] [netty-shutdown] o.s.b.w.embedded.netty.GracefulShutdown  : Graceful shutdown complete
2025-10-22T15:02:46.346+02:00  INFO 13648 --- [lektion5] [main] c.example.lektion5.Lektion5Application   : Starting Lektion5Application using Java 21.0.8 with PID 13648 (C:\Users\linus\Documents\GitHub\JavaEnterpriseEclipse\lektion5\build\classes\java\main started by linus in C:\Users\linus\Documents\GitHub\JavaEnterpriseEclipse\lektion5)
2025-10-22T15:02:46.349+02:00  INFO 13648 --- [lektion5] [main] c.example.lektion5.Lektion5Application   : No active profile set, falling back to 1 default profile: "default"
2025-10-22T15:02:47.115+02:00  INFO 13648 --- [lektion5] [main] .s.d.r.c.RepositoryConfigurationDelegate : Bootstrapping Spring Data R2DBC repositories in DEFAULT mode.
2025-10-22T15:02:47.306+02:00  INFO 13648 --- [lektion5] [main] .s.d.r.c.RepositoryConfigurationDelegate : Finished Spring Data repository scanning in 184 ms. Found 1 R2DBC repository interface.
2025-10-22T15:02:49.460+02:00  INFO 13648 --- [lektion5] [main] org.flywaydb.core.FlywayExecutor         : Database: jdbc:postgresql://localhost:5432/postgres (PostgreSQL 18.0)
2025-10-22T15:02:49.472+02:00  WARN 13648 --- [lektion5] [main] o.f.c.internal.database.base.Database    : Flyway upgrade recommended: PostgreSQL 18.0 is newer than this version of Flyway and support has not been tested. The latest supported version of PostgreSQL is 17.
2025-10-22T15:02:49.543+02:00  INFO 13648 --- [lektion5] [main] o.f.core.internal.command.DbValidate     : Successfully validated 3 migrations (execution time 00:00.054s)
2025-10-22T15:02:49.631+02:00  INFO 13648 --- [lektion5] [main] o.f.core.internal.command.DbMigrate      : Current version of schema "public": 3
2025-10-22T15:02:49.634+02:00  INFO 13648 --- [lektion5] [main] o.f.core.internal.command.DbMigrate      : Schema "public" is up to date. No migration necessary.
2025-10-22T15:02:49.855+02:00  INFO 13648 --- [lektion5] [main] o.s.b.web.embedded.netty.NettyWebServer  : Netty started on port 8080 (http)
2025-10-22T15:02:49.864+02:00  INFO 13648 --- [lektion5] [main] c.example.lektion5.Lektion5Application   : Started Lektion5Application in 4.118 seconds (process running for 5.094)
2025-10-22T15:02:59.330+02:00  INFO 13648 --- [lektion5] [reactor-http-nio-3] c.e.lektion5.message.MessageService      : Creating message with content: hello
2025-10-22T15:02:59.731+02:00  INFO 13648 --- [lektion5] [reactor-tcp-nio-1] c.e.lektion5.message.MessageService      : Message created with id: 4, content = hello, createdAt = 2025-10-22T15:02:59.331994800, pinned = true
2025-10-22T15:03:06.979+02:00  INFO 13648 --- [lektion5] [SpringApplicationShutdownHook] o.s.b.w.embedded.netty.GracefulShutdown  : Commencing graceful shutdown. Waiting for active requests to complete
2025-10-22T15:03:06.981+02:00  INFO 13648 --- [lektion5] [netty-shutdown] o.s.b.w.embedded.netty.GracefulShutdown  : Graceful shutdown complete
